find_library: checking for chromaprint_new() in -lchromaprint... -------------------- yes

"/usr/bin/gcc-4.2 -o conftest -I/Users/dceballos/.rvm/rubies/ruby-1.9.2-p180/include/ruby-1.9.1/x86_64-darwin11.3.0 -I/Users/dceballos/.rvm/rubies/ruby-1.9.2-p180/include/ruby-1.9.1/ruby/backward -I/Users/dceballos/.rvm/rubies/ruby-1.9.2-p180/include/ruby-1.9.1 -I../../../../ext/chromaprint -I/Users/dceballos/.rvm/usr/include -D_XOPEN_SOURCE -D_DARWIN_C_SOURCE    -O3 -ggdb -Wextra -Wno-unused-parameter -Wno-parentheses -Wpointer-arith -Wwrite-strings -Wno-missing-field-initializers -Wshorten-64-to-32 -Wno-long-long  -fno-common -pipe conftest.c  -L. -L/Users/dceballos/.rvm/rubies/ruby-1.9.2-p180/lib -L/Users/dceballos/.rvm/usr/lib -L.      -lruby.1.9.1-static  -lpthread -ldl -lobjc "
checked program was:
/* begin */
1: #include "ruby.h"
2: 
3: int main() {return 0;}
/* end */

"/usr/bin/gcc-4.2 -o conftest -I/Users/dceballos/.rvm/rubies/ruby-1.9.2-p180/include/ruby-1.9.1/x86_64-darwin11.3.0 -I/Users/dceballos/.rvm/rubies/ruby-1.9.2-p180/include/ruby-1.9.1/ruby/backward -I/Users/dceballos/.rvm/rubies/ruby-1.9.2-p180/include/ruby-1.9.1 -I../../../../ext/chromaprint -I/Users/dceballos/.rvm/usr/include -D_XOPEN_SOURCE -D_DARWIN_C_SOURCE    -O3 -ggdb -Wextra -Wno-unused-parameter -Wno-parentheses -Wpointer-arith -Wwrite-strings -Wno-missing-field-initializers -Wshorten-64-to-32 -Wno-long-long  -fno-common -pipe conftest.c  -L. -L/Users/dceballos/.rvm/rubies/ruby-1.9.2-p180/lib -L/Users/dceballos/.rvm/usr/lib -L.      -lruby.1.9.1-static -lchromaprint  -lpthread -ldl -lobjc "
conftest.c: In function ‘t’:
conftest.c:5: error: ‘chromaprint_new’ undeclared (first use in this function)
conftest.c:5: error: (Each undeclared identifier is reported only once
conftest.c:5: error: for each function it appears in.)
checked program was:
/* begin */
1: #include "ruby.h"
2: 
3: /*top*/
4: int main() {return 0;}
5: int t() { void ((*volatile p)()); p = (void ((*)()))chromaprint_new; return 0; }
/* end */

"/usr/bin/gcc-4.2 -o conftest -I/Users/dceballos/.rvm/rubies/ruby-1.9.2-p180/include/ruby-1.9.1/x86_64-darwin11.3.0 -I/Users/dceballos/.rvm/rubies/ruby-1.9.2-p180/include/ruby-1.9.1/ruby/backward -I/Users/dceballos/.rvm/rubies/ruby-1.9.2-p180/include/ruby-1.9.1 -I../../../../ext/chromaprint -I/Users/dceballos/.rvm/usr/include -D_XOPEN_SOURCE -D_DARWIN_C_SOURCE    -O3 -ggdb -Wextra -Wno-unused-parameter -Wno-parentheses -Wpointer-arith -Wwrite-strings -Wno-missing-field-initializers -Wshorten-64-to-32 -Wno-long-long  -fno-common -pipe conftest.c  -L. -L/Users/dceballos/.rvm/rubies/ruby-1.9.2-p180/lib -L/Users/dceballos/.rvm/usr/lib -L.      -lruby.1.9.1-static -lchromaprint  -lpthread -ldl -lobjc "
checked program was:
/* begin */
1: #include "ruby.h"
2: 
3: /*top*/
4: int main() {return 0;}
5: int t() { chromaprint_new(); return 0; }
/* end */

--------------------

